This is pdfTeX, Version 3.141592653-2.6-1.40.22 (TeX Live 2022/dev/Debian) (preloaded format=pdflatex 2026.5.25)  29 MAY 2026 00:34
entering extended mode
 restricted \write18 enabled.
 %&-line parsing enabled.
**crime_tr.tex
(./crime_tr.tex
LaTeX2e <2021-11-15> patch level 1
L3 programming layer <2022-01-21> (./ieeeaccess.cls (./IEEEtran.cls
Document Class: IEEEtran 2015/08/26 V1.8b by Michael Shell
-- See the "IEEEtran_HOWTO" manual for usage information.
-- http://www.michaelshell.org/tex/ieeetran/
\@IEEEtrantmpdimenA=\dimen138
\@IEEEtrantmpdimenB=\dimen139
\@IEEEtrantmpdimenC=\dimen140
\@IEEEtrantmpcountA=\count185
\@IEEEtrantmpcountB=\count186
\@IEEEtrantmpcountC=\count187
\@IEEEtrantmptoksA=\toks16
LaTeX Font Info:    Trying to load font information for OT1+ptm on input line 5
03.
(/usr/share/texlive/texmf-dist/tex/latex/psnfss/ot1ptm.fd
File: ot1ptm.fd 2001/06/04 font definitions for OT1/ptm.
)
-- Using 8.5in x 11in (letter) paper.
-- Using PDF output.
\@IEEEnormalsizeunitybaselineskip=\dimen141
-- This is a 10 point document.
\CLASSINFOnormalsizebaselineskip=\dimen142
\CLASSINFOnormalsizeunitybaselineskip=\dimen143
\IEEEnormaljot=\dimen144
LaTeX Font Info:    Font shape `OT1/ptm/bx/n' in size <5> not available
(Font)              Font shape `OT1/ptm/b/n' tried instead on input line 1090.
LaTeX Font Info:    Font shape `OT1/ptm/bx/it' in size <5> not available
(Font)              Font shape `OT1/ptm/b/it' tried instead on input line 1090.

LaTeX Font Info:    Font shape `OT1/ptm/bx/n' in size <7> not available
(Font)              Font shape `OT1/ptm/b/n' tried instead on input line 1090.
LaTeX Font Info:    Font shape `OT1/ptm/bx/it' in size <7> not available
(Font)              Font shape `OT1/ptm/b/it' tried instead on input line 1090.

LaTeX Font Info:    Font shape `OT1/ptm/bx/n' in size <8> not available
(Font)              Font shape `OT1/ptm/b/n' tried instead on input line 1090.
LaTeX Font Info:    Font shape `OT1/ptm/bx/it' in size <8> not available
(Font)              Font shape `OT1/ptm/b/it' tried instead on input line 1090.

LaTeX Font Info:    Font shape `OT1/ptm/bx/n' in size <9> not available
(Font)              Font shape `OT1/ptm/b/n' tried instead on input line 1090.
LaTeX Font Info:    Font shape `OT1/ptm/bx/it' in size <9> not available
(Font)              Font shape `OT1/ptm/b/it' tried instead on input line 1090.

LaTeX Font Info:    Font shape `OT1/ptm/bx/n' in size <10> not available
(Font)              Font shape `OT1/ptm/b/n' tried instead on input line 1090.
LaTeX Font Info:    Font shape `OT1/ptm/bx/it' in size <10> not available
(Font)              Font shape `OT1/ptm/b/it' tried instead on input line 1090.

LaTeX Font Info:    Font shape `OT1/ptm/bx/n' in size <11> not available
(Font)              Font shape `OT1/ptm/b/n' tried instead on input line 1090.
LaTeX Font Info:    Font shape `OT1/ptm/bx/it' in size <11> not available
(Font)              Font shape `OT1/ptm/b/it' tried instead on input line 1090.

LaTeX Font Info:    Font shape `OT1/ptm/bx/n' in size <12> not available
(Font)              Font shape `OT1/ptm/b/n' tried instead on input line 1090.
LaTeX Font Info:    Font shape `OT1/ptm/bx/it' in size <12> not available
(Font)              Font shape `OT1/ptm/b/it' tried instead on input line 1090.

LaTeX Font Info:    Font shape `OT1/ptm/bx/n' in size <17> not available
(Font)              Font shape `OT1/ptm/b/n' tried instead on input line 1090.
LaTeX Font Info:    Font shape `OT1/ptm/bx/it' in size <17> not available
(Font)              Font shape `OT1/ptm/b/it' tried instead on input line 1090.

LaTeX Font Info:    Font shape `OT1/ptm/bx/n' in size <20> not available
(Font)              Font shape `OT1/ptm/b/n' tried instead on input line 1090.
LaTeX Font Info:    Font shape `OT1/ptm/bx/it' in size <20> not available
(Font)              Font shape `OT1/ptm/b/it' tried instead on input line 1090.

LaTeX Font Info:    Font shape `OT1/ptm/bx/n' in size <24> not available
(Font)              Font shape `OT1/ptm/b/n' tried instead on input line 1090.
LaTeX Font Info:    Font shape `OT1/ptm/bx/it' in size <24> not available
(Font)              Font shape `OT1/ptm/b/it' tried instead on input line 1090.

\IEEEquantizedlength=\dimen145
\IEEEquantizedlengthdiff=\dimen146
\IEEEquantizedtextheightdiff=\dimen147
\IEEEilabelindentA=\dimen148
\IEEEilabelindentB=\dimen149
\IEEEilabelindent=\dimen150
\IEEEelabelindent=\dimen151
\IEEEdlabelindent=\dimen152
\IEEElabelindent=\dimen153
\IEEEiednormlabelsep=\dimen154
\IEEEiedmathlabelsep=\dimen155
\IEEEiedtopsep=\skip47
\c@section=\count188
\c@subsection=\count189
\c@subsubsection=\count190
\c@paragraph=\count191
\c@IEEEsubequation=\count192
\abovecaptionskip=\skip48
\belowcaptionskip=\skip49
\c@figure=\count193
\c@table=\count194
\@IEEEeqnnumcols=\count195
\@IEEEeqncolcnt=\count196
\@IEEEsubeqnnumrollback=\count197
\@IEEEquantizeheightA=\dimen156
\@IEEEquantizeheightB=\dimen157
\@IEEEquantizeheightC=\dimen158
\@IEEEquantizeprevdepth=\dimen159
\@IEEEquantizemultiple=\count198
\@IEEEquantizeboxA=\box50
\@IEEEtmpitemindent=\dimen160
\IEEEPARstartletwidth=\dimen161
\c@IEEEbiography=\count199
\@IEEEtranrubishbin=\box51
) (/usr/share/texlive/texmf-dist/tex/generic/iftex/ifpdf.sty
Package: ifpdf 2019/10/25 v3.4 ifpdf legacy package. Use iftex instead.

(/usr/share/texlive/texmf-dist/tex/generic/iftex/iftex.sty
Package: iftex 2020/03/06 v1.0d TeX engine tests
))
(/usr/share/texlive/texmf-dist/tex/latex/xkeyval/xkeyval.sty
Package: xkeyval 2020/11/20 v2.8 package option processing (HA)

(/usr/share/texlive/texmf-dist/tex/generic/xkeyval/xkeyval.tex
(/usr/share/texlive/texmf-dist/tex/generic/xkeyval/xkvutils.tex
\XKV@toks=\toks17
\XKV@tempa@toks=\toks18

(/usr/share/texlive/texmf-dist/tex/generic/xkeyval/keyval.tex))
\XKV@depth=\count266
File: xkeyval.tex 2014/12/03 v2.7a key=value parser (HA)
)){/var/lib/texmf/fonts/map/pdftex/updmap/pdftex.map}{t1-times.map}{t1-formata.
map}{t1-giovannistd.map}
\@draftversionrule=\dimen162
 (/usr/share/texlive/texmf-dist/tex/latex/graphics/color.sty
Package: color 2021/12/07 v1.3c Standard LaTeX Color (DPC)

(/usr/share/texlive/texmf-dist/tex/latex/graphics-cfg/color.cfg
File: color.cfg 2016/01/02 v1.6 sample color configuration
)
Package color Info: Driver file: pdftex.def on input line 149.

(/usr/share/texlive/texmf-dist/tex/latex/graphics-def/pdftex.def
File: pdftex.def 2020/10/05 v1.2a Graphics/color driver for pdftex
))
(./spotcolor.sty
Package: spotcolor 2006/11/15 v1.2 Package for adding Spot Color support to pdf
LaTeX.
 (/usr/share/texlive/texmf-dist/tex/latex/graphics/graphics.sty
Package: graphics 2021/03/04 v1.4d Standard LaTeX Graphics (DPC,SPQR)
(/usr/share/texlive/texmf-dist/tex/latex/graphics/trig.sty
Package: trig 2021/08/11 v1.11 sin cos tan (DPC)
)
(/usr/share/texlive/texmf-dist/tex/latex/graphics-cfg/graphics.cfg
File: graphics.cfg 2016/06/04 v1.11 sample graphics configuration
)
Package graphics Info: Driver file: pdftex.def on input line 107.
)
\thecolorprofile=\count267
\thecolor=\count268
)
\PANTONE=\toks19
Package color Info: Redefining color black on input line 287.
\figbox=\box52
\titlewidth=\skip50
\abstractwidth=\skip51
\c@addrCtr=\count269
\abstractbox=\box53
\indexbox=\box54
\absht=\dimen163
\kwdht=\dimen164
\@tempcntc=\count270
\titlepgskip=\skip52
\maketitlebox=\box55
)
(/usr/share/texlive/texmf-dist/tex/latex/base/inputenc.sty
Package: inputenc 2021/02/14 v1.3d Input encoding file
\inpenc@prehook=\toks20
\inpenc@posthook=\toks21
)
(/usr/share/texlive/texmf-dist/tex/latex/base/fontenc.sty
Package: fontenc 2021/04/29 v2.0v Standard LaTeX package
LaTeX Font Info:    Trying to load font information for T1+ptm on input line 11
2.

(/usr/share/texlive/texmf-dist/tex/latex/psnfss/t1ptm.fd
File: t1ptm.fd 2001/06/04 font definitions for T1/ptm.
))
(/usr/share/texlive/texmf-dist/tex/latex/cite/cite.sty
LaTeX Info: Redefining \cite on input line 302.
LaTeX Info: Redefining \nocite on input line 332.
Package: cite 2015/02/27  v 5.5
)
(/usr/share/texlive/texmf-dist/tex/latex/amsmath/amsmath.sty
Package: amsmath 2021/10/15 v2.17l AMS math features
\@mathmargin=\skip53

For additional information on amsmath, use the `?' option.
(/usr/share/texlive/texmf-dist/tex/latex/amsmath/amstext.sty
Package: amstext 2021/08/26 v2.01 AMS text

(/usr/share/texlive/texmf-dist/tex/latex/amsmath/amsgen.sty
File: amsgen.sty 1999/11/30 v2.0 generic functions
\@emptytoks=\toks22
\ex@=\dimen165
))
(/usr/share/texlive/texmf-dist/tex/latex/amsmath/amsbsy.sty
Package: amsbsy 1999/11/29 v1.2d Bold Symbols
\pmbraise@=\dimen166
)
(/usr/share/texlive/texmf-dist/tex/latex/amsmath/amsopn.sty
Package: amsopn 2021/08/26 v2.02 operator names
)
\inf@bad=\count271
LaTeX Info: Redefining \frac on input line 234.
\uproot@=\count272
\leftroot@=\count273
LaTeX Info: Redefining \overline on input line 399.
\classnum@=\count274
\DOTSCASE@=\count275
LaTeX Info: Redefining \ldots on input line 496.
LaTeX Info: Redefining \dots on input line 499.
LaTeX Info: Redefining \cdots on input line 620.
\Mathstrutbox@=\box56
\strutbox@=\box57
\big@size=\dimen167
LaTeX Font Info:    Redeclaring font encoding OML on input line 743.
LaTeX Font Info:    Redeclaring font encoding OMS on input line 744.
\macc@depth=\count276
\c@MaxMatrixCols=\count277
\dotsspace@=\muskip16
\c@parentequation=\count278
\dspbrk@lvl=\count279
\tag@help=\toks23
\row@=\count280
\column@=\count281
\maxfields@=\count282
\andhelp@=\toks24
\eqnshift@=\dimen168
\alignsep@=\dimen169
\tagshift@=\dimen170
\tagwidth@=\dimen171
\totwidth@=\dimen172
\lineht@=\dimen173
\@envbody=\toks25
\multlinegap=\skip54
\multlinetaggap=\skip55
\mathdisplay@stack=\toks26
LaTeX Info: Redefining \[ on input line 2938.
LaTeX Info: Redefining \] on input line 2939.
)
(/usr/share/texlive/texmf-dist/tex/latex/amsfonts/amssymb.sty
Package: amssymb 2013/01/14 v3.01 AMS font symbols

(/usr/share/texlive/texmf-dist/tex/latex/amsfonts/amsfonts.sty
Package: amsfonts 2013/01/14 v3.01 Basic AMSFonts support
\symAMSa=\mathgroup4
\symAMSb=\mathgroup5
LaTeX Font Info:    Redeclaring math symbol \hbar on input line 98.
LaTeX Font Info:    Overwriting math alphabet `\mathfrak' in version `bold'
(Font)                  U/euf/m/n --> U/euf/b/n on input line 106.
))
(/usr/share/texlive/texmf-dist/tex/latex/graphics/graphicx.sty
Package: graphicx 2021/09/16 v1.2d Enhanced LaTeX Graphics (DPC,SPQR)
\Gin@req@height=\dimen174
\Gin@req@width=\dimen175
)
(/usr/share/texlive/texmf-dist/tex/latex/base/textcomp.sty
Package: textcomp 2020/02/02 v2.0n Standard LaTeX package
)
(/usr/share/texlive/texmf-dist/tex/latex/hyperref/hyperref.sty
Package: hyperref 2021-06-07 v7.00m Hypertext links for LaTeX

(/usr/share/texlive/texmf-dist/tex/generic/ltxcmds/ltxcmds.sty
Package: ltxcmds 2020-05-10 v1.25 LaTeX kernel commands for general use (HO)
)
(/usr/share/texlive/texmf-dist/tex/generic/pdftexcmds/pdftexcmds.sty
Package: pdftexcmds 2020-06-27 v0.33 Utility functions of pdfTeX for LuaTeX (HO
)

(/usr/share/texlive/texmf-dist/tex/generic/infwarerr/infwarerr.sty
Package: infwarerr 2019/12/03 v1.5 Providing info/warning/error messages (HO)
)
Package pdftexcmds Info: \pdf@primitive is available.
Package pdftexcmds Info: \pdf@ifprimitive is available.
Package pdftexcmds Info: \pdfdraftmode found.
)
(/usr/share/texlive/texmf-dist/tex/generic/kvsetkeys/kvsetkeys.sty
Package: kvsetkeys 2019/12/15 v1.18 Key value parser (HO)
)
(/usr/share/texlive/texmf-dist/tex/generic/kvdefinekeys/kvdefinekeys.sty
Package: kvdefinekeys 2019-12-19 v1.6 Define keys (HO)
)
(/usr/share/texlive/texmf-dist/tex/generic/pdfescape/pdfescape.sty
Package: pdfescape 2019/12/09 v1.15 Implements pdfTeX's escape features (HO)
)
(/usr/share/texlive/texmf-dist/tex/latex/hycolor/hycolor.sty
Package: hycolor 2020-01-27 v1.10 Color options for hyperref/bookmark (HO)
)
(/usr/share/texlive/texmf-dist/tex/latex/letltxmacro/letltxmacro.sty
Package: letltxmacro 2019/12/03 v1.6 Let assignment for LaTeX macros (HO)
)
(/usr/share/texlive/texmf-dist/tex/latex/auxhook/auxhook.sty
Package: auxhook 2019-12-17 v1.6 Hooks for auxiliary files (HO)
)
(/usr/share/texlive/texmf-dist/tex/latex/kvoptions/kvoptions.sty
Package: kvoptions 2020-10-07 v3.14 Key value format for package options (HO)
)
\@linkdim=\dimen176
\Hy@linkcounter=\count283
\Hy@pagecounter=\count284

(/usr/share/texlive/texmf-dist/tex/latex/hyperref/pd1enc.def
File: pd1enc.def 2021-06-07 v7.00m Hyperref: PDFDocEncoding definition (HO)
Now handling font encoding PD1 ...
... no UTF-8 mapping file for font encoding PD1
)
(/usr/share/texlive/texmf-dist/tex/latex/hyperref/hyperref-langpatches.def
File: hyperref-langpatches.def 2021-06-07 v7.00m Hyperref: patches for babel la
nguages
)
(/usr/share/texlive/texmf-dist/tex/generic/intcalc/intcalc.sty
Package: intcalc 2019/12/15 v1.3 Expandable calculations with integers (HO)
)
(/usr/share/texlive/texmf-dist/tex/generic/etexcmds/etexcmds.sty
Package: etexcmds 2019/12/15 v1.7 Avoid name clashes with e-TeX commands (HO)
)
\Hy@SavedSpaceFactor=\count285

(/usr/share/texlive/texmf-dist/tex/latex/hyperref/puenc.def
File: puenc.def 2021-06-07 v7.00m Hyperref: PDF Unicode definition (HO)
Now handling font encoding PU ...
... no UTF-8 mapping file for font encoding PU
)
Package hyperref Info: Option `unicode' set `true' on input line 4073.
Package hyperref Info: Hyper figures OFF on input line 4192.
Package hyperref Info: Link nesting OFF on input line 4197.
Package hyperref Info: Hyper index ON on input line 4200.
Package hyperref Info: Plain pages OFF on input line 4207.
Package hyperref Info: Backreferencing OFF on input line 4212.
Package hyperref Info: Implicit mode ON; LaTeX internals redefined.
Package hyperref Info: Bookmarks ON on input line 4445.
\c@Hy@tempcnt=\count286

(/usr/share/texlive/texmf-dist/tex/latex/url/url.sty
\Urlmuskip=\muskip17
Package: url 2013/09/16  ver 3.4  Verb mode for urls, etc.
)
LaTeX Info: Redefining \url on input line 4804.
\XeTeXLinkMargin=\dimen177

(/usr/share/texlive/texmf-dist/tex/generic/bitset/bitset.sty
Package: bitset 2019/12/09 v1.3 Handle bit-vector datatype (HO)

(/usr/share/texlive/texmf-dist/tex/generic/bigintcalc/bigintcalc.sty
Package: bigintcalc 2019/12/15 v1.5 Expandable calculations on big integers (HO
)
))
\Fld@menulength=\count287
\Field@Width=\dimen178
\Fld@charsize=\dimen179
Package hyperref Info: Hyper figures OFF on input line 6076.
Package hyperref Info: Link nesting OFF on input line 6081.
Package hyperref Info: Hyper index ON on input line 6084.
Package hyperref Info: backreferencing OFF on input line 6091.
Package hyperref Info: Link coloring OFF on input line 6096.
Package hyperref Info: Link coloring with OCG OFF on input line 6101.
Package hyperref Info: PDF/A mode OFF on input line 6106.
LaTeX Info: Redefining \ref on input line 6146.
LaTeX Info: Redefining \pageref on input line 6150.

(/usr/share/texlive/texmf-dist/tex/latex/base/atbegshi-ltx.sty
Package: atbegshi-ltx 2021/01/10 v1.0c Emulation of the original atbegshi
package with kernel methods
)
\Hy@abspage=\count288
\c@Item=\count289
\c@Hfootnote=\count290
)
Package hyperref Info: Driver (autodetected): hpdftex.

(/usr/share/texlive/texmf-dist/tex/latex/hyperref/hpdftex.def
File: hpdftex.def 2021-06-07 v7.00m Hyperref driver for pdfTeX

(/usr/share/texlive/texmf-dist/tex/latex/base/atveryend-ltx.sty
Package: atveryend-ltx 2020/08/19 v1.0a Emulation of the original atveryend pac
kage
with kernel methods
)
\Fld@listcount=\count291
\c@bookmark@seq@number=\count292

(/usr/share/texlive/texmf-dist/tex/latex/rerunfilecheck/rerunfilecheck.sty
Package: rerunfilecheck 2019/12/05 v1.9 Rerun checks for auxiliary files (HO)

(/usr/share/texlive/texmf-dist/tex/generic/uniquecounter/uniquecounter.sty
Package: uniquecounter 2019/12/15 v1.4 Provide unlimited unique counter (HO)
)
Package uniquecounter Info: New unique counter `rerunfilecheck' on input line 2
86.
)
\Hy@SectionHShift=\skip56
)
(/usr/share/texlive/texmf-dist/tex/latex/booktabs/booktabs.sty
Package: booktabs 2020/01/12 v1.61803398 Publication quality tables
\heavyrulewidth=\dimen180
\lightrulewidth=\dimen181
\cmidrulewidth=\dimen182
\belowrulesep=\dimen183
\belowbottomsep=\dimen184
\aboverulesep=\dimen185
\abovetopsep=\dimen186
\cmidrulesep=\dimen187
\cmidrulekern=\dimen188
\defaultaddspace=\dimen189
\@cmidla=\count293
\@cmidlb=\count294
\@aboverulesep=\dimen190
\@belowrulesep=\dimen191
\@thisruleclass=\count295
\@lastruleclass=\count296
\@thisrulewidth=\dimen192
)
(/usr/share/texlive/texmf-dist/tex/latex/l3backend/l3backend-pdftex.def
File: l3backend-pdftex.def 2022-01-12 L3 backend support: PDF output (pdfTeX)
\l__color_backend_stack_int=\count297
\l__pdf_internal_box=\box58
)
(./crime_tr.aux)
\openout1 = `crime_tr.aux'.

LaTeX Font Info:    Checking defaults for OML/cmm/m/it on input line 32.
LaTeX Font Info:    ... okay on input line 32.
LaTeX Font Info:    Checking defaults for OMS/cmsy/m/n on input line 32.
LaTeX Font Info:    ... okay on input line 32.
LaTeX Font Info:    Checking defaults for OT1/cmr/m/n on input line 32.
LaTeX Font Info:    ... okay on input line 32.
LaTeX Font Info:    Checking defaults for T1/cmr/m/n on input line 32.
LaTeX Font Info:    ... okay on input line 32.
LaTeX Font Info:    Checking defaults for TS1/cmr/m/n on input line 32.
LaTeX Font Info:    ... okay on input line 32.
LaTeX Font Info:    Checking defaults for OMX/cmex/m/n on input line 32.
LaTeX Font Info:    ... okay on input line 32.
LaTeX Font Info:    Checking defaults for U/cmr/m/n on input line 32.
LaTeX Font Info:    ... okay on input line 32.
LaTeX Font Info:    Checking defaults for PD1/pdf/m/n on input line 32.
LaTeX Font Info:    ... okay on input line 32.
LaTeX Font Info:    Checking defaults for PU/pdf/m/n on input line 32.
LaTeX Font Info:    ... okay on input line 32.

-- Lines per column: 56 (exact).
\symNewLetters=\mathgroup6
\symxsymbols=\mathgroup7
LaTeX Font Info:    Redeclaring math symbol \ddagger on input line 32.
LaTeX Font Info:    Redeclaring math symbol \dagger on input line 32.
\c@mv@regular=\count298
LaTeX Font Info:    Encoding `OT1' has changed to `T1' for symbol font
(Font)              `operators' in the math version `regular' on input line 32.

LaTeX Font Info:    Overwriting symbol font `operators' in version `regular'
(Font)                  OT1/cmr/m/n --> T1/formata/n/n on input line 32.
LaTeX Font Info:    Overwriting symbol font `NewLetters' in version `regular'
(Font)                  T1/times/n/it --> T1/formata/n/it on input line 32.
LaTeX Font Info:    Overwriting math alphabet `\mathrm' in version `regular'
(Font)                  T1/formata/n/n --> T1/formata/n/n on input line 32.
LaTeX Font Info:    Overwriting math alphabet `\mathit' in version `regular'
(Font)                  OT1/cmr/m/it --> T1/formata/n/it on input line 32.
LaTeX Font Info:    Overwriting math alphabet `\mathbf' in version `regular'
(Font)                  OT1/cmr/bx/n --> T1/formata/m/n on input line 32.
LaTeX Font Info:    Overwriting math alphabet `\mathtt' in version `regular'
(Font)                  OT1/cmtt/m/n --> OT1/pcr/m/n on input line 32.
\c@mv@medium=\count299
LaTeX Font Info:    Encoding `OT1' has changed to `T1' for symbol font
(Font)              `operators' in the math version `medium' on input line 32.
LaTeX Font Info:    Overwriting symbol font `operators' in version `medium'
(Font)                  OT1/cmr/m/n --> T1/formata/m/n on input line 32.
LaTeX Font Info:    Overwriting symbol font `NewLetters' in version `medium'
(Font)                  T1/times/n/it --> T1/formata/m/it on input line 32.
LaTeX Font Info:    Overwriting math alphabet `\mathrm' in version `medium'
(Font)                  > T1/formata/m/n on input line 32.
LaTeX Font Info:    Overwriting math alphabet `\mathit' in version `medium'
(Font)                  OT1/cmr/m/it --> T1/formata/m/it on input line 32.
LaTeX Font Info:    Overwriting math alphabet `\mathbf' in version `medium'
(Font)                  OT1/cmr/bx/n --> T1/formata/b/n on input line 32.
LaTeX Font Info:    Overwriting math alphabet `\mathtt' in version `medium'
(Font)                  OT1/cmtt/m/n --> OT1/pcr/b/n on input line 32.
\c@mv@black=\count300
LaTeX Font Info:    Encoding `OT1' has changed to `T1' for symbol font
(Font)              `operators' in the math version `black' on input line 32.
LaTeX Font Info:    Overwriting symbol font `operators' in version `black'
(Font)                  OT1/cmr/m/n --> T1/formata/b/n on input line 32.
LaTeX Font Info:    Overwriting symbol font `NewLetters' in version `black'
(Font)                  T1/times/n/it --> T1/formata/b/it on input line 32.
LaTeX Font Info:    Overwriting math alphabet `\mathrm' in version `black'
(Font)                  > T1/formata/b/n on input line 32.
LaTeX Font Info:    Overwriting math alphabet `\mathit' in version `black'
(Font)                  OT1/cmr/m/it --> T1/formata/b/it on input line 32.
LaTeX Font Info:    Overwriting math alphabet `\mathbf' in version `black'
(Font)                  OT1/cmr/bx/n --> T1/formata/b/n on input line 32.
LaTeX Font Info:    Overwriting math alphabet `\mathtt' in version `black'
(Font)                  OT1/cmtt/m/n --> OT1/pcr/b/n on input line 32.
LaTeX Font Info:    Trying to load font information for T1+times on input line 
32.
(./t1times.fd)
(/usr/share/texlive/texmf-dist/tex/context/base/mkii/supp-pdf.mkii
[Loading MPS to PDF converter (version 2006.09.02).]
\scratchcounter=\count301
\scratchdimen=\dimen193
\scratchbox=\box59
\nofMPsegments=\count302
\nofMParguments=\count303
\everyMPshowfont=\toks27
\MPscratchCnt=\count304
\MPscratchDim=\dimen194
\MPnumerator=\count305
\makeMPintoPDFobject=\count306
\everyMPtoPDFconversion=\toks28
) (/usr/share/texlive/texmf-dist/tex/latex/epstopdf-pkg/epstopdf-base.sty
Package: epstopdf-base 2020-01-24 v2.11 Base part for package epstopdf
Package epstopdf-base Info: Redefining graphics rule for `.eps' on input line 4
85.

(/usr/share/texlive/texmf-dist/tex/latex/latexconfig/epstopdf-sys.cfg
File: epstopdf-sys.cfg 2010/07/13 v1.3 Configuration of (r)epstopdf for TeX Liv
e
))
Package hyperref Info: Link coloring OFF on input line 32.

(/usr/share/texlive/texmf-dist/tex/latex/hyperref/nameref.sty
Package: nameref 2021-04-02 v2.47 Cross-referencing by name of section

(/usr/share/texlive/texmf-dist/tex/latex/refcount/refcount.sty
Package: refcount 2019/12/15 v3.6 Data extraction from label references (HO)
)
(/usr/share/texlive/texmf-dist/tex/generic/gettitlestring/gettitlestring.sty
Package: gettitlestring 2019/12/15 v1.6 Cleanup title references (HO)
)
\c@section@level=\count307
)
LaTeX Info: Redefining \ref on input line 32.
LaTeX Info: Redefining \pageref on input line 32.
LaTeX Info: Redefining \nameref on input line 32.

(./crime_tr.out) (./crime_tr.out)
\@outlinefile=\write3
\openout3 = `crime_tr.out'.

LaTeX Font Info:    Redeclaring math version `bold' on input line 32.
LaTeX Font Info:    Encoding `OT1' has changed to `T1' for symbol font
(Font)              `operators' in the math version `bold' on input line 32.
LaTeX Font Info:    Overwriting symbol font `operators' in version `bold'
(Font)                  OT1/cmr/m/n --> T1/times/b/n on input line 32.
LaTeX Font Info:    Overwriting symbol font `NewLetters' in version `bold'
(Font)                  T1/times/n/it --> T1/times/b/it on input line 32.
LaTeX Font Info:    Overwriting math alphabet `\mathrm' in version `bold'
(Font)                  > T1/times/b/n on input line 32.
LaTeX Font Info:    Overwriting math alphabet `\mathit' in version `bold'
(Font)                  OT1/cmr/m/it --> T1/times/b/it on input line 32.
LaTeX Font Info:    Overwriting math alphabet `\mathbf' in version `bold'
(Font)                  OT1/cmr/bx/n --> T1/times/b/n on input line 32.
LaTeX Font Info:    Overwriting math alphabet `\mathtt' in version `bold'
(Font)                  OT1/cmtt/m/n --> OT1/pcr/b/n on input line 32.
LaTeX Font Info:    Overwriting symbol font `symbols' in version `bold'
(Font)                  OMS/cmsy/m/n --> OMS/cmsy/b/n on input line 32.
<bullet.png, id=78, 12.045pt x 35.38219pt>
File: bullet.png Graphic file (type png)
<use bullet.png>
Package pdftex.def Info: bullet.png  used on input line 49.
(pdftex.def)             Requested size: 5.0pt x 14.6871pt.
LaTeX Font Info:    Trying to load font information for U+msa on input line 50.


(/usr/share/texlive/texmf-dist/tex/latex/amsfonts/umsa.fd
File: umsa.fd 2013/01/14 v3.01 AMS symbols A
)
LaTeX Font Info:    Trying to load font information for U+msb on input line 50.


(/usr/share/texlive/texmf-dist/tex/latex/amsfonts/umsb.fd
File: umsb.fd 2013/01/14 v3.01 AMS symbols B
)
LaTeX Font Info:    Trying to load font information for T1+pcr on input line 50
.

(/usr/share/texlive/texmf-dist/tex/latex/psnfss/t1pcr.fd
File: t1pcr.fd 2001/06/04 font definitions for T1/pcr.
)

LaTeX Font Warning: Font shape `T1/pcr/n/n' undefined
(Font)              using `T1/pcr/m/n' instead on input line 50.

File: bullet.png Graphic file (type png)
<use bullet.png>
Package pdftex.def Info: bullet.png  used on input line 53.
(pdftex.def)             Requested size: 5.0pt x 14.6871pt.
LaTeX Font Info:    Calculating math sizes for size <9.9> on input line 59.
LaTeX Font Info:    Calculating math sizes for size <6.6> on input line 59.

Overfull \hbox (9.2679pt too wide) in paragraph at lines 59--59
[]  
 []


Overfull \hbox (9.2679pt too wide) in paragraph at lines 59--59
[]  
 []


Underfull \vbox (badness 10000) has occurred while \output is active []

<logo.png, id=81, 206.27063pt x 53.44969pt>
File: logo.png Graphic file (type png)
<use logo.png>
Package pdftex.def Info: logo.png  used on input line 67.
(pdftex.def)             Requested size: 91.32pt x 23.66309pt.

Overfull \hbox (505.12177pt too wide) has occurred while \output is active
[]
 []


Overfull \hbox (505.12177pt too wide) has occurred while \output is active
[]
 []


Overfull \hbox (505.12177pt too wide) has occurred while \output is active
[]
 []


Underfull \hbox (badness 10000) has occurred while \output is active
[]
 []

[1


 <./logo.png> <./bullet.png>]
Underfull \hbox (badness 2951) in paragraph at lines 67--68
[]\T1/times/n/n/10 Makalenin geri kalan^^Y łu łek-ilde or-ga-nize edilmiłtir.
 []


Underfull \hbox (badness 10000) in paragraph at lines 72--73
\T1/times/n/n/10 Communities and Crime veri seti [[]1[]]; $\OT1/cmr/m/n/10 128$
 \T1/times/n/n/10 sü-tunla
 []


Underfull \hbox (badness 10000) in paragraph at lines 72--73
\T1/times/n/n/10 tan^^Ym-lanan $\OT1/cmr/m/n/10 1 994$ \T1/times/n/n/10 toplu-l
uk içerir: beł tane öngörücü
 []


Underfull \hbox (badness 10000) in paragraph at lines 72--73
\T1/times/n/n/10 ol-mayan tan^^Ym-lay^^Yc^^Y (\T1/pcr/n/n/10 state\T1/times/n/n
/10 , \T1/pcr/n/n/10 county\T1/times/n/n/10 , \T1/pcr/n/n/10 community\T1/times
/n/n/10 ,
 []


Overfull \hbox (10.703pt too wide) in paragraph at lines 72--73
\T1/times/n/n/10 öznite-lik \T1/pcr/n/n/10 ViolentCrimesPerPop\T1/times/n/n/10 
. Tüm öngörücü de§iłken-
 []


Underfull \hbox (badness 2452) in paragraph at lines 72--73
\T1/times/n/n/10 ler, veri seti yazarlar^^Y taraf^^Yn-dan $\OMS/cmsy/m/n/10 ^^F
\OT1/cmr/m/n/10 3$ \T1/times/n/n/10 stan-dart sap-man^^Yn
 []


Underfull \hbox (badness 1596) in paragraph at lines 72--73
\T1/times/n/n/10 yön-temiyle önce-den $\OT1/cmr/m/n/10 [0\OML/cmm/m/it/10 ; \OT
1/cmr/m/n/10 1]$ \T1/times/n/n/10 ar-al^^Y§^^Yna nor-mal-ize edilmiłtir;
 []


Underfull \hbox (badness 6157) in paragraph at lines 72--73
\T1/pcr/n/n/10 ViolentCrimesPerPop\T1/times/n/n/10 , ter-tillere göre ełit-frek
ansl^^Y
 []


Underfull \hbox (badness 6141) in paragraph at lines 76--77
\T1/times/n/n/10 Beł tan^^Ym-lay^^Yc^^Y sü-tun ilk ad^^Ymda düłürülmüłtür. Veri

 []


Underfull \hbox (badness 3557) in paragraph at lines 76--77
\T1/times/n/n/10 seti ard^^Yn-dan LEMAS polis-gücü an-ketinden türetilmił,
 []


Underfull \hbox (badness 10000) in paragraph at lines 76--77
\OT1/cmr/m/n/10 22$ \T1/times/n/n/10 de§iłk-enden olułan bitiłik bir blok içeri
r (örn.
 []


Overfull \hbox (17.76978pt too wide) in paragraph at lines 76--77
\T1/pcr/n/n/10 LemasSwornFT\T1/times/n/n/10 , \T1/pcr/n/n/10 PolicPerPop\T1/tim
es/n/n/10 , \T1/pcr/n/n/10 RacialMatchCommPol\T1/times/n/n/10 );
 []


Underfull \hbox (badness 4608) in paragraph at lines 80--81
\T1/times/n/n/10 tał^^Y-mak-tad^^Yr: \T1/pcr/n/n/10 medIncome\T1/times/n/n/10 ,
 \T1/pcr/n/n/10 medFamInc\T1/times/n/n/10 , \T1/pcr/n/n/10 perCapInc\T1/times/n
/n/10 ,
 []


Overfull \hbox (4.90627pt too wide) in paragraph at lines 82--83
[]\T1/times/n/n/10 Ayn^^Y bil-giyi tał^^Yyan iki özel-lik, ko-re-lasy-on-lar^^Y
n^^Yn iłaretinden
 []


Overfull \hbox (7.43964pt too wide) in paragraph at lines 82--83
\T1/times/n/n/10 ba§^^Ym-s^^Yz olarak re-dun-dant kabul edilme-lidir: \T1/pcr/n
/n/10 racePctWhite
 []

<feature_dendrogram.png, id=116, 1084.05pt x 650.43pt>
File: feature_dendrogram.png Graphic file (type png)
<use feature_dendrogram.png>
Package pdftex.def Info: feature_dendrogram.png  used on input line 93.
(pdftex.def)             Requested size: 505.12177pt x 303.07208pt.

Underfull \hbox (badness 2197) in paragraph at lines 100--101
\T1/times/n/n/10 yayg^^Yn kul-lan^^Ylan bir de§iłkenle örtüłmekte oldu§un-dan
 []


Underfull \hbox (badness 2245) in paragraph at lines 100--101
\T1/times/n/n/10 yak^^Yn-ełde§er merkez yer-ine kanonik lit-er-atür de§iłkeni
 []


Underfull \hbox (badness 3312) in paragraph at lines 100--101
\T1/times/n/n/10 ter-cih edilmiłtir (örn. gelir-ve-varl^^Yk kümesinde merkez
 []


Underfull \hbox (badness 10000) in paragraph at lines 111--112
[]\T1/times/b/n/8 medIncome\T1/times/m/n/8 , med-Fam-Inc, per-Cap-Inc, white-Pe
r-Cap,
 []


Underfull \hbox (badness 10000) in paragraph at lines 111--112
\T1/times/m/n/8 OwnOcc{Low,Med,Hi}Quart, Rent{Low,Med}Q, RentHighQ$[]$,
 []


Underfull \hbox (badness 2103) in paragraph at lines 112--113
[]\T1/times/m/n/8 MalePctDivorce, Fe-malePct-Div, To-talPct-Div, PctFam2Par$[]$
, \T1/times/b/n/8 Pc-
 []


Underfull \hbox (badness 10000) in paragraph at lines 117--118
[]\T1/times/m/n/8 PctRecentImmig, Pc-tRec-Im-mig5, PctRecImmig8$[]$, Pc-tRec-Im
-
 []


Underfull \hbox (badness 10000) in paragraph at lines 124--125
[]\T1/times/m/n/8 PctImmigRecent, Pc-tIm-mi-gRec5, \T1/times/b/n/8 PctImmigRec8
$[]$\T1/times/m/n/8 ,
 []


Underfull \hbox (badness 3199) in paragraph at lines 129--130
[]\T1/times/m/n/8 PctLargHouseFam, PctLargHouseOccup$[]$, PersPer-Ren-tOc-c-Hou
s,
 []


Underfull \hbox (badness 2221) in paragraph at lines 136--137
\T1/times/n/n/10 ter-min-is-tik bir çal^^Yłma kümesi üre-tir --- $\OT1/cmr/m/n/
10 24$\T1/times/n/n/10 'ü sin-gle-ton
 []

<notaglinelogo.png, id=125, 169.38281pt x 42.91031pt>
File: notaglinelogo.png Graphic file (type png)
<use notaglinelogo.png>
Package pdftex.def Info: notaglinelogo.png  used on input line 137.
(pdftex.def)             Requested size: 91.32pt x 23.1352pt.

Overfull \hbox (505.12177pt too wide) has occurred while \output is active
[]
 []


Overfull \hbox (505.12177pt too wide) has occurred while \output is active
[]
 []


Underfull \hbox (badness 10000) has occurred while \output is active
[]
 []

[2 <./notaglinelogo.png>]

LaTeX Warning: Text page 3 contains only floats.


Overfull \vbox (16.25023pt too high) has occurred while \output is active []



LaTeX Warning: Text page 3 contains only floats.


Overfull \vbox (16.25023pt too high) has occurred while \output is active []

File: notaglinelogo.png Graphic file (type png)
<use notaglinelogo.png>
Package pdftex.def Info: notaglinelogo.png  used on input line 137.
(pdftex.def)             Requested size: 91.32pt x 23.1352pt.

Overfull \hbox (505.12177pt too wide) has occurred while \output is active
[]
 []


Overfull \hbox (505.12177pt too wide) has occurred while \output is active
[]
 []


Underfull \hbox (badness 10000) has occurred while \output is active
[]
 []

[3 <./feature_dendrogram.png>]
Underfull \hbox (badness 10000) in paragraph at lines 147--148
[]\T1/pcr/m/n/8 population\T1/times/m/n/8 , \T1/pcr/m/n/8 householdsize\T1/time
s/m/n/8 ,
 []


Underfull \hbox (badness 10000) in paragraph at lines 148--149
[]\T1/pcr/m/n/8 pctUrban\T1/times/m/n/8 , \T1/pcr/m/n/8 PopDens\T1/times/m/n/8 
, \T1/pcr/m/n/8 PctUsePubTrans\T1/times/m/n/8 ,
 []


Underfull \hbox (badness 10000) in paragraph at lines 149--150
[]\T1/pcr/m/n/8 medIncome\T1/times/m/n/8 , \T1/pcr/m/n/8 blackPerCap\T1/times/m
/n/8 , \T1/pcr/m/n/8 HispPerCap\T1/times/m/n/8 ,
 []


Underfull \hbox (badness 10000) in paragraph at lines 149--150
\T1/pcr/m/n/8 AsianPerCap\T1/times/m/n/8 , \T1/pcr/m/n/8 indianPerCap\T1/times/
m/n/8 ,
 []


Underfull \hbox (badness 10000) in paragraph at lines 150--151
[]\T1/pcr/m/n/8 MedOwnCostPctInc\T1/times/m/n/8 ,
 []


Underfull \hbox (badness 10000) in paragraph at lines 150--151
\T1/pcr/m/n/8 MedOwnCostPctIncNoMtg\T1/times/m/n/8 ,
 []


Underfull \hbox (badness 10000) in paragraph at lines 152--153
[]\T1/pcr/m/n/8 PctEmploy\T1/times/m/n/8 , \T1/pcr/m/n/8 PctEmplProfServ\T1/tim
es/m/n/8 ,
 []


Underfull \hbox (badness 10000) in paragraph at lines 155--156
[]\T1/pcr/m/n/8 NumImmig\T1/times/m/n/8 , \T1/pcr/m/n/8 PctForeignBorn\T1/times
/m/n/8 ,
 []


Underfull \hbox (badness 10000) in paragraph at lines 156--157
[]\T1/pcr/m/n/8 PctHousOwnOcc\T1/times/m/n/8 , \T1/pcr/m/n/8 MedNumBR\T1/times/
m/n/8 ,
 []


Underfull \hbox (badness 10000) in paragraph at lines 156--157
\T1/pcr/m/n/8 PctVacantBoarded\T1/times/m/n/8 , \T1/pcr/m/n/8 PctHousOccup\T1/t
imes/m/n/8 ,
 []


Underfull \hbox (badness 10000) in paragraph at lines 156--157
\T1/pcr/m/n/8 PctVacMore6Mos\T1/times/m/n/8 , \T1/pcr/m/n/8 MedYrHousBuilt\T1/t
imes/m/n/8 ,
 []


Underfull \hbox (badness 4582) in paragraph at lines 169--170
\T1/times/n/n/10 ele bölün-müł ve kavram-sal blok-lara göre etiketlen-mił
 []


Underfull \hbox (badness 2197) in paragraph at lines 169--170
\T1/times/n/n/10 biçimde sun-mak-tad^^Yr. Üç da§^^Yl^^Ym örün-tüsü göze çarpar.

 []


Underfull \hbox (badness 5490) in paragraph at lines 169--170
\T1/times/n/n/10 ťlk olarak, birçok özel-lik güçlü biçimde sa§a çarp^^Yk-
 []


Underfull \hbox (badness 7116) in paragraph at lines 169--170
\T1/times/n/n/10 t^^Yr ve uzun bir üst kuyru§a sahip-tir --- en be-lir-gin
 []


Underfull \hbox (badness 1688) in paragraph at lines 169--170
\T1/times/n/n/10 küçük bir toplu-luk kümesini yan-s^^Yt^^Yr (çok büyük ya da
 []

<boxplot_before.png, id=148, 930.47626pt x 640.49287pt>
File: boxplot_before.png Graphic file (type png)
<use boxplot_before.png>
Package pdftex.def Info: boxplot_before.png  used on input line 173.
(pdftex.def)             Requested size: 242.67355pt x 167.04219pt.

Underfull \hbox (badness 4739) in paragraph at lines 178--179
[]\T1/times/b/n/10 Neden çok-de§iłkenli bir de-tek-tör. \T1/times/n/n/10 Uni-va
ri-ate IQR
 []


Underfull \hbox (badness 10000) in paragraph at lines 178--179
\T1/times/n/n/10 reddi gibi bir özellik-bał^^Yna fil-tre, \T1/times/n/it/10 her
-hangi bir \T1/times/n/n/10 tek
 []


Underfull \hbox (badness 1742) in paragraph at lines 178--179
\T1/times/n/n/10 boyutta uç de§er tał^^Yyan örne§i atar. Bu, bu-radaki veri
 []


Underfull \hbox (badness 10000) in paragraph at lines 178--179
\T1/times/n/n/10 ay^^Yrt edici özel-lik (\T1/pcr/n/n/10 PctPopUnderPov\T1/times
/n/n/10 , \T1/pcr/n/n/10 PctIlleg\T1/times/n/n/10 ,
 []


Underfull \hbox (badness 2662) in paragraph at lines 178--179
\T1/times/n/n/10 dolay^^Ys^^Yyla mar-ji-nal k^^Yrpma, tam da anal-izin be-tim-l
e-m-
 []


Underfull \hbox (badness 10000) in paragraph at lines 199--200
[]\T1/times/n/n/10 Bu ne-denle ni-hai boru hatt^^Y, \T1/pcr/n/n/10 scikit-learn
 \T1/times/n/n/10 [[]3[]]
 []


Underfull \hbox (badness 3471) in paragraph at lines 199--200
\T1/times/n/n/10 Yüksek-s^^Yn^^Yf daral-mas^^Y $\OT1/cmr/m/n/10 43$\T1/times/n/
n/10 -özellik kümesinde ($\OMS/cmsy/m/n/10 ^^@\OT1/cmr/m/n/10 %10[]4$\T1/times/
n/n/10 ),
 []

File: notaglinelogo.png Graphic file (type png)
<use notaglinelogo.png>
Package pdftex.def Info: notaglinelogo.png  used on input line 200.
(pdftex.def)             Requested size: 91.32pt x 23.1352pt.

Overfull \hbox (505.12177pt too wide) has occurred while \output is active
[]
 []


Overfull \hbox (505.12177pt too wide) has occurred while \output is active
[]
 []


Underfull \hbox (badness 10000) has occurred while \output is active
[]
 []

[4 <./boxplot_before.png>]
<boxplot_after.png, id=166, 930.47626pt x 640.49287pt>
File: boxplot_after.png Graphic file (type png)
<use boxplot_after.png>
Package pdftex.def Info: boxplot_after.png  used on input line 203.
(pdftex.def)             Requested size: 242.67355pt x 167.04219pt.

Underfull \hbox (badness 5652) in paragraph at lines 212--213
\T1/times/n/n/10 --- yok-sul-luk (\T1/pcr/n/n/10 PctPopUnderPov\T1/times/n/n/10
 ), evlilik-d^^Ył^^Y do§um
 []


Underfull \hbox (badness 4492) in paragraph at lines 212--213
\T1/times/n/n/10 ve konut çürümesi (\T1/pcr/n/n/10 PctVacantBoarded\T1/times/n/
n/10 ) --- ben-zer
 []


Underfull \hbox (badness 1902) in paragraph at lines 212--213
\T1/times/n/n/10 biçimde kendi içinde poz-i-tif ko-re-lasy-on-ludur. ťki süper-

 []

<correlation_heatmap.png, id=171, 813.94087pt x 732.63713pt>
File: correlation_heatmap.png Graphic file (type png)
<use correlation_heatmap.png>
Package pdftex.def Info: correlation_heatmap.png  used on input line 216.
(pdftex.def)             Requested size: 242.67355pt x 218.42897pt.
<feature_class_correlation.png, id=174, 642.29962pt x 353.21962pt>
File: feature_class_correlation.png Graphic file (type png)
<use feature_class_correlation.png>
Package pdftex.def Info: feature_class_correlation.png  used on input line 223.

(pdftex.def)             Requested size: 242.67355pt x 133.44873pt.

Underfull \hbox (badness 6927) in paragraph at lines 228--229
[]\T1/times/n/n/10 “ekil []5[], $\OT1/cmr/m/n/10 43$ \T1/times/n/n/10 özel-li§i
n tamam^^Yn^^Y suç s^^Yn^^Yf^^Y (or-di-nal)
 []


Underfull \hbox (badness 4792) in paragraph at lines 228--229
\T1/times/n/n/10 ile ko-re-lasy-on-lar^^Yna göre s^^Yralar. En güçlü tekil ko-r
e-
 []


Underfull \hbox (badness 1590) in paragraph at lines 228--229
\T1/times/n/n/10 lasy-on-lar \T1/pcr/n/n/10 PctKids2Par \T1/times/n/n/10 ($\OMS
/cmsy/m/n/10 ^^@\OT1/cmr/m/n/10 0[]69$\T1/times/n/n/10 ), \T1/pcr/n/n/10 PctIll
eg \T1/times/n/n/10 ($\OT1/cmr/m/n/10 +0[]62$\T1/times/n/n/10 ),
 []


Overfull \hbox (11.75768pt too wide) in paragraph at lines 228--229
\T1/pcr/n/n/10 PctPopUnderPov \T1/times/n/n/10 ($\OT1/cmr/m/n/10 +0[]52$\T1/tim
es/n/n/10 ), \T1/pcr/n/n/10 PctPersDenseHous \T1/times/n/n/10 ($\OT1/cmr/m/n/10
 +0[]47$\T1/times/n/n/10 ),
 []


Underfull \hbox (badness 10000) in paragraph at lines 228--229
\T1/pcr/n/n/10 PctHousOwnOcc \T1/times/n/n/10 ($\OMS/cmsy/m/n/10 ^^@\OT1/cmr/m/
n/10 0[]46$\T1/times/n/n/10 ), \T1/pcr/n/n/10 medIncome \T1/times/n/n/10 ($\OMS
/cmsy/m/n/10 ^^@\OT1/cmr/m/n/10 0[]45$\T1/times/n/n/10 ) ve
 []


Underfull \hbox (badness 10000) in paragraph at lines 228--229
\T1/pcr/n/n/10 PctVacantBoarded \T1/times/n/n/10 ($\OT1/cmr/m/n/10 +0[]38$\T1/t
imes/n/n/10 )'dir. ťłaretler, toplu-luk
 []


Underfull \hbox (badness 4699) in paragraph at lines 228--229
\T1/times/n/n/10 düzeyinde suçun sosyal-düzensizlik aç^^Yk-la-mas^^Yyla tu-tar-

 []


Underfull \hbox (badness 1902) in paragraph at lines 228--229
\T1/times/n/n/10 oturan konut ko-ruyu-cudur; buna karł^^Yl^^Yk yok-sul-luk, ail
e
 []


Underfull \hbox (badness 10000) in paragraph at lines 228--229
\T1/times/n/n/10 parçalan-mas^^Y ve konut çürümesi daha yük-sek łid-det
 []


Underfull \hbox (badness 5578) in paragraph at lines 228--229
\T1/times/n/n/10 suçuyla bir-likte görülür. ťki gö-zlem veri-güdümlü $\OT1/cmr/
m/n/10 43$\T1/times/n/n/10 -
 []


Underfull \hbox (badness 1997) in paragraph at lines 228--229
\T1/times/n/n/10 bał^^Yna bir-den fa-zla kiłi bar^^Ynd^^Yran konutta yałayan nü
-
 []


Underfull \hbox (badness 7540) in paragraph at lines 228--229
\T1/times/n/n/10 göz-den kaç-mas^^Y ko-lay olurdu; an-cak kümeleme boru
 []


Underfull \hbox (badness 3803) in paragraph at lines 228--229
\T1/times/n/n/10 hatt^^Y onu kendi blo§u-nun tem-sil-cisi olarak tu-tar. ťk-in-

 []


Underfull \hbox (badness 1939) in paragraph at lines 228--229
\T1/times/n/n/10 suçunu, kanonik gelir ve aile de§iłken-leri kadar yak^^Yn-
 []


Underfull \hbox (badness 1824) in paragraph at lines 228--229
\T1/times/n/n/10 de§iłken-ler --- \T1/pcr/n/n/10 pctUrban\T1/times/n/n/10 , \T1
/pcr/n/n/10 LandArea\T1/times/n/n/10 , \T1/pcr/n/n/10 agePct65up\T1/times/n/n/1
0 ,
 []

File: notaglinelogo.png Graphic file (type png)
<use notaglinelogo.png>
Package pdftex.def Info: notaglinelogo.png  used on input line 229.
(pdftex.def)             Requested size: 91.32pt x 23.1352pt.

Overfull \hbox (505.12177pt too wide) has occurred while \output is active
[]
 []


Overfull \hbox (505.12177pt too wide) has occurred while \output is active
[]
 []


Underfull \hbox (badness 10000) has occurred while \output is active
[]
 []

[5 <./boxplot_after.png> <./correlation_heatmap.png> <./feature_class_correlati
on.png>]
Underfull \hbox (badness 4303) in paragraph at lines 234--235
\T1/times/n/n/10 Z-skor nor-mal-iza-sy-onun-dan sonra, özellik-bał^^Yna Fisher
 []


Underfull \hbox (badness 2261) in paragraph at lines 238--240
\T1/times/n/n/10 burada $\OML/cmm/m/it/10 ^^V[]$\T1/times/n/n/10 , $\T1/times/n
/it/10 f$ \T1/times/n/n/10 özel-li§inin $\T1/times/n/it/10 c$ \T1/times/n/n/10 
s^^Yn^^Yf^^Yn-daki or-ta-la-mas^^Y, $\OML/cmm/m/it/10 ^^V[]$
 []


Underfull \hbox (badness 2197) in paragraph at lines 238--240
\T1/times/n/n/10 or-ta-la-malar^^Yn^^Y s^^Yn^^Yf-içi da§^^Yl^^Yma göre iyi ay^^
Yrd^^Y§^^Yn^^Y gös-
 []

<fisher_features.png, id=187, 570.48131pt x 641.84793pt>
File: fisher_features.png Graphic file (type png)
<use fisher_features.png>
Package pdftex.def Info: fisher_features.png  used on input line 243.
(pdftex.def)             Requested size: 242.67355pt x 273.0315pt.

Underfull \hbox (badness 1975) in paragraph at lines 248--249
\T1/times/n/n/10 s^^Yrala-mas^^Yyla neredeyse ayn^^Yd^^Yr; bu bek-le-nen bir so
nuç-
 []


Underfull \hbox (badness 1565) in paragraph at lines 248--249
\T1/times/n/n/10 tur: tek bir z-skorlanm^^Ył özel-lik için hem Fisher Uza-k-
 []


Underfull \hbox (badness 1635) in paragraph at lines 248--249
\T1/times/n/n/10 l^^Y§^^Y hem de mut-lak s^^Yn^^Yf ko-re-lasy-onu, s^^Yn^^Yf or
-ta-la-malar^^Y
 []


Underfull \hbox (badness 1496) in paragraph at lines 248--249
\T1/times/n/n/10 iki özel-lik \T1/pcr/n/n/10 PctKids2Par \T1/times/n/n/10 ($\T1
/times/n/it/10 J  \OT1/cmr/m/n/10 =  0[]90$\T1/times/n/n/10 ) ve \T1/pcr/n/n/10
 PctIlleg
 []


Underfull \hbox (badness 3148) in paragraph at lines 248--249
\T1/times/n/n/10 ($\T1/times/n/it/10 J  \OT1/cmr/m/n/10 =  0[]69$\T1/times/n/n/
10 ) olup, bun-lar^^Y \T1/pcr/n/n/10 PctPopUnderPov \T1/times/n/n/10 ($\OT1/cmr
/m/n/10 0[]37$\T1/times/n/n/10 ),
 []


Underfull \hbox (badness 1776) in paragraph at lines 248--249
\T1/pcr/n/n/10 PctPersDenseHous \T1/times/n/n/10 ($\OT1/cmr/m/n/10 0[]28$\T1/ti
mes/n/n/10 ), \T1/pcr/n/n/10 PctHousOwnOcc \T1/times/n/n/10 ($\OT1/cmr/m/n/10 0
[]27$\T1/times/n/n/10 )
 []


Underfull \hbox (badness 6063) in paragraph at lines 248--249
\T1/times/n/n/10 ve \T1/pcr/n/n/10 medIncome \T1/times/n/n/10 ($\OT1/cmr/m/n/10
 0[]26$\T1/times/n/n/10 ) izler. ťki yap^^Ysal gö-zlem öne
 []


Underfull \hbox (badness 2626) in paragraph at lines 248--249
\T1/times/n/n/10 b^^Yrak^^Yr ve üçüncü s^^Yradaki \T1/pcr/n/n/10 PctPopUnderPov
\T1/times/n/n/10 'a do§ru
 []


Underfull \hbox (badness 2126) in paragraph at lines 248--249
\T1/times/n/n/10 büyük bir düłüł vard^^Yr; onun skoru \T1/pcr/n/n/10 PctIlleg\T
1/times/n/n/10 'inkinin
 []


Underfull \hbox (badness 7064) in paragraph at lines 248--249
\T1/times/n/n/10 yar^^Ys^^Yn-dan azd^^Yr. ťk-in-cisi, $\OT1/cmr/m/n/10 43$ \T1/
times/n/n/10 özel-li§in yak-lał^^Yk yar^^Ys^^Y
 []


Underfull \hbox (badness 1946) in paragraph at lines 252--253
\T1/times/n/n/10 Z-skorlanm^^Ył veriye PCA uygu-la-narak $\OT1/cmr/m/n/10 43$ \
T1/times/n/n/10 temel bilełen
 []

File: notaglinelogo.png Graphic file (type png)
<use notaglinelogo.png>
Package pdftex.def Info: notaglinelogo.png  used on input line 253.
(pdftex.def)             Requested size: 91.32pt x 23.1352pt.

Overfull \hbox (505.12177pt too wide) has occurred while \output is active
[]
 []


Overfull \hbox (505.12177pt too wide) has occurred while \output is active
[]
 []


Underfull \hbox (badness 10000) has occurred while \output is active
[]
 []

[6 <./fisher_features.png>]
<pca_scree.png, id=200, 498.21132pt x 280.94963pt>
File: pca_scree.png Graphic file (type png)
<use pca_scree.png>
Package pdftex.def Info: pca_scree.png  used on input line 256.
(pdftex.def)             Requested size: 242.67355pt x 136.84772pt.

Underfull \hbox (badness 8170) in paragraph at lines 261--262
[]\T1/times/n/n/10 Her PC pro-jek-siy-onu bir özel-lik gibi ele al^^Y-narak
 []

<fisher_comparison.png, id=204, 1004.10132pt x 426.84468pt>
File: fisher_comparison.png Graphic file (type png)
<use fisher_comparison.png>
Package pdftex.def Info: fisher_comparison.png  used on input line 265.
(pdftex.def)             Requested size: 242.67355pt x 103.16125pt.
<eigval_vs_fisher.png, id=205, 498.21132pt x 353.21962pt>
File: eigval_vs_fisher.png Graphic file (type png)
<use eigval_vs_fisher.png>
Package pdftex.def Info: eigval_vs_fisher.png  used on input line 272.
(pdftex.def)             Requested size: 230.53912pt x 163.44774pt.
<pca_top2.png, id=208, 498.21132pt x 389.35463pt>
File: pca_top2.png Graphic file (type png)
<use pca_top2.png>
Package pdftex.def Info: pca_top2.png  used on input line 285.
(pdftex.def)             Requested size: 242.67355pt x 189.6507pt.
<pca_bottom2.png, id=209, 498.21132pt x 389.35463pt>
File: pca_bottom2.png Graphic file (type png)
<use pca_bottom2.png>
Package pdftex.def Info: pca_bottom2.png  used on input line 287.
(pdftex.def)             Requested size: 242.67355pt x 189.6507pt.

Underfull \hbox (badness 1571) in paragraph at lines 292--293
\T1/times/n/n/10 tüm dikey yay^^Yl^^Ym^^Y dolay^^Ys^^Yyla s^^Yn^^Yf-ilgisiz var
yasyon-dur
 []

File: notaglinelogo.png Graphic file (type png)
<use notaglinelogo.png>
Package pdftex.def Info: notaglinelogo.png  used on input line 293.
(pdftex.def)             Requested size: 91.32pt x 23.1352pt.

Overfull \hbox (505.12177pt too wide) has occurred while \output is active
[]
 []


Overfull \hbox (505.12177pt too wide) has occurred while \output is active
[]
 []


Underfull \hbox (badness 10000) has occurred while \output is active
[]
 []

[7 <./pca_scree.png> <./fisher_comparison.png> <./eigval_vs_fisher.png>]
<lda_scatter.png, id=223, 498.21132pt x 389.35463pt>
File: lda_scatter.png Graphic file (type png)
<use lda_scatter.png>
Package pdftex.def Info: lda_scatter.png  used on input line 300.
(pdftex.def)             Requested size: 242.67355pt x 189.6507pt.

Underfull \hbox (badness 3019) in paragraph at lines 319--320
\T1/times/n/n/10 kat-say^^Ys^^Y (gerçek s^^Yn^^Yf etiket-leri bölüm-leme olarak
 kul-
 []

<cluster_kmeans.png, id=229, 932.73468pt x 390.258pt>
File: cluster_kmeans.png Graphic file (type png)
<use cluster_kmeans.png>
Package pdftex.def Info: cluster_kmeans.png  used on input line 327.
(pdftex.def)             Requested size: 242.67355pt x 101.53613pt.
<cluster_dbscan.png, id=230, 932.73468pt x 390.258pt>
File: cluster_dbscan.png Graphic file (type png)
<use cluster_dbscan.png>
Package pdftex.def Info: cluster_dbscan.png  used on input line 334.
(pdftex.def)             Requested size: 242.67355pt x 101.53613pt.
<cluster_tsne.png, id=231, 498.21132pt x 389.35463pt>
File: cluster_tsne.png Graphic file (type png)
<use cluster_tsne.png>
Package pdftex.def Info: cluster_tsne.png  used on input line 341.
(pdftex.def)             Requested size: 242.67355pt x 189.6507pt.
<cluster_som.png, id=232, 1074.11287pt x 353.21962pt>
File: cluster_som.png Graphic file (type png)
<use cluster_som.png>
Package pdftex.def Info: cluster_som.png  used on input line 348.
(pdftex.def)             Requested size: 242.67355pt x 79.79974pt.
File: notaglinelogo.png Graphic file (type png)
<use notaglinelogo.png>
Package pdftex.def Info: notaglinelogo.png  used on input line 367.
(pdftex.def)             Requested size: 91.32pt x 23.1352pt.

Overfull \hbox (505.12177pt too wide) has occurred while \output is active
[]
 []


Overfull \hbox (505.12177pt too wide) has occurred while \output is active
[]
 []


Underfull \hbox (badness 10000) has occurred while \output is active
[]
 []

[8 <./pca_top2.png> <./pca_bottom2.png> <./lda_scatter.png>]
Underfull \hbox (badness 1902) in paragraph at lines 367--368
\T1/times/n/n/10 yan-s^^Yt^^Yr. ťki girdi ek-s-enin-den yal-n^^Yzca PC1 s^^Yn^^
Yf sinyali
 []


Underfull \hbox (badness 5302) in paragraph at lines 369--370
\T1/times/n/n/10 oekonomik gradyan'' oluł-tur-du§un-dan, yo§unluk-tabanl^^Y
 []


Underfull \hbox (badness 1622) in paragraph at lines 373--374
$\OT1/cmr/m/n/10 12 \OMS/cmsy/m/n/10 ^^B \OT1/cmr/m/n/10 12$ \T1/times/n/n/10 M
in-i-Som ^^Yz-garas^^Y (“ekil []15[]) en s^^Yn^^Yf-organize
 []


Underfull \hbox (badness 1881) in paragraph at lines 373--374
\OMS/cmsy/m/n/10 ^^U \OT1/cmr/m/n/10 %90$ \T1/times/n/n/10 safl^^Y§a ulała-cak 
łek-ilde or-taya ko-yar. Boł ol-
 []


Underfull \hbox (badness 1460) in paragraph at lines 377--378
\T1/times/n/n/10 Hipotez testi için \T1/pcr/n/n/10 PctKids2Par \T1/times/n/n/10
 özel-li§i (iki-ebeveynli
 []

File: notaglinelogo.png Graphic file (type png)
<use notaglinelogo.png>
Package pdftex.def Info: notaglinelogo.png  used on input line 381.
(pdftex.def)             Requested size: 91.32pt x 23.1352pt.

Overfull \hbox (505.12177pt too wide) has occurred while \output is active
[]
 []


Overfull \hbox (505.12177pt too wide) has occurred while \output is active
[]
 []


Underfull \hbox (badness 10000) has occurred while \output is active
[]
 []

pdfTeX warning (ext4): destination with the same identifier (name{page.8}) has 
been already used, duplicate ignored
<to be read again> 
                   \relax 
l.381 \end{align*}
                   [9 <./cluster_kmeans.png> <./cluster_dbscan.png> <./cluster_
tsne.png> <./cluster_som.png>]
Underfull \hbox (badness 1838) in paragraph at lines 381--383
\T1/times/n/n/10 Her s^^Yn^^Yf-tan $\T1/times/n/it/10 n \OT1/cmr/m/n/10 = 36$ \
T1/times/n/n/10 ve $\T1/times/n/it/10 n \OT1/cmr/m/n/10 = 64$ \T1/times/n/n/10 
büyük-lü§ünde iki
 []


Overfull \hbox (16.76746pt too wide) in paragraph at lines 388--397
 [][] 
 []


Underfull \hbox (badness 3128) in paragraph at lines 399--400
\T1/times/n/n/10 ç^^Ykar-mak örnek or-ta-la-malar^^Yn^^Y neredeyse de§iłtirmezk
en
 []


Underfull \hbox (badness 1735) in paragraph at lines 403--404
\T1/times/n/n/10 Bu proje, UCI Com-mu-ni-ties and Crime veri se-tine ek-
 []


Underfull \hbox (badness 1442) in paragraph at lines 403--404
\T1/times/n/n/10 lik seçimi $\OT1/cmr/m/n/10 122$ \T1/times/n/n/10 öngörücüyü r
e-dun-dant ol-mayan $\OT1/cmr/m/n/10 43$ \T1/times/n/n/10 özel-
 []


Underfull \hbox (badness 3312) in paragraph at lines 403--404
\T1/times/n/n/10 suç oran^^Y üç s^^Yn^^Yfa ayr^^Yłt^^Yr^^Ylm^^Yłt^^Yr. “u tu-ta
rl^^Y tablo or-
 []


Underfull \hbox (badness 1360) in paragraph at lines 403--404
\T1/times/n/n/10 s^^Yra uyumu $\OT1/cmr/m/n/10 0[]97$\T1/times/n/n/10 ); veri-g
üdümlü küme ayr^^Yca ał^^Yr^^Y kal-a-
 []


Underfull \hbox (badness 3579) in paragraph at lines 409--410
\T1/times/n/n/10 Tüm analiz boru hat-t^^Yn^^Y uygu-layan Jupyter not def-teri
 []

LaTeX Font Info:    Calculating math sizes for size <7.61> on input line 413.
File: notaglinelogo.png Graphic file (type png)
<use notaglinelogo.png>
Package pdftex.def Info: notaglinelogo.png  used on input line 422.
(pdftex.def)             Requested size: 91.32pt x 23.1352pt.

Overfull \hbox (505.12177pt too wide) has occurred while \output is active
[]
 []


Overfull \hbox (505.12177pt too wide) has occurred while \output is active
[]
 []


Underfull \hbox (badness 10000) has occurred while \output is active
[]
 []

[10pdfTeX warning (ext4): destination with the same identifier (name{appendix.A
ppendix.A}) has been already used, duplicate ignored
<argument> ...shipout:D \box_use:N \l_shipout_box 
                                                  \__shipout_drop_firstpage_...
l.422 ...pectratio]{serkan_vek.jpg}}]{Serkan Eren}
                                                  ]

Package hyperref Warning: The anchor of a bookmark and its parent's must not
(hyperref)                be the same. Added a new anchor on input line 422.

<serkan_vek.jpg, id=281, 803.0pt x 803.0pt>
File: serkan_vek.jpg Graphic file (type jpg)
<use serkan_vek.jpg>
Package pdftex.def Info: serkan_vek.jpg  used on input line 422.
(pdftex.def)             Requested size: 72.26688pt x 72.26688pt.
File: serkan_vek.jpg Graphic file (type jpg)
<use serkan_vek.jpg>
Package pdftex.def Info: serkan_vek.jpg  used on input line 422.
(pdftex.def)             Requested size: 72.26688pt x 72.26688pt.

Underfull \hbox (badness 4492) in paragraph at lines 422--424
[]\T1/formata/m/n/8 Serkan Eren \T1/times/n/n/8 B.Sc. dere-cesini 2023 y^^Yl^^Y
nda
 []


Underfull \hbox (badness 1648) in paragraph at lines 422--424
\T1/times/n/n/8 li§i Bölümü'nden alm^^Ył olup, hâli-haz^^Yrda ayn^^Y
 []


Underfull \hbox (badness 3199) in paragraph at lines 422--424
\T1/times/n/n/8 üniver-sit-ede Ya-pay Zekâ alan^^Ynda M.Sc. pro-
 []


Underfull \hbox (badness 1694) in paragraph at lines 422--424
\T1/times/n/n/8 hat-lar^^Y ve gömülü yaz^^Yl^^Ym en-te-grasy-onu konu-
 []


Underfull \hbox (badness 4144) in paragraph at lines 422--424
\T1/times/n/n/8 lar^^Ynda çal^^Ył-malar yürüt-mek-te-dir. Mesleki ilgi
 []

File: bullet.png Graphic file (type png)
<use bullet.png>
Package pdftex.def Info: bullet.png  used on input line 426.
(pdftex.def)             Requested size: 5.0pt x 14.6871pt.
File: notaglinelogo.png Graphic file (type png)
<use notaglinelogo.png>
Package pdftex.def Info: notaglinelogo.png  used on input line 427.
(pdftex.def)             Requested size: 91.32pt x 23.1352pt.

Overfull \hbox (505.12177pt too wide) has occurred while \output is active
[]
 []


Overfull \hbox (505.12177pt too wide) has occurred while \output is active
[]
 []


Underfull \hbox (badness 10000) has occurred while \output is active
[]
 []

[11

 <./serkan_vek.jpg>] (./crime_tr.aux)

LaTeX Font Warning: Some font shapes were not available, defaults substituted.

Package rerunfilecheck Info: File `crime_tr.out' has not changed.
(rerunfilecheck)             Checksum: DC7FA6ED459694B9E37D001DAD9806E9;4749.
 ) 
Here is how much of TeX's memory you used:
 11644 strings out of 480247
 182776 string characters out of 5896151
 492734 words of memory out of 5000000
 29320 multiletter control sequences out of 15000+600000
 632705 words of font info for 222 fonts, out of 8000000 for 9000
 14 hyphenation exceptions out of 8191
 70i,13n,76p,2946b,440s stack positions out of 5000i,500n,10000p,200000b,80000s
{/usr/share/texlive/texmf-dist/fonts/enc/dvips/base/8r.enc}</usr/share/texliv
e/texmf-dist/fonts/type1/public/amsfonts/cm/cmex10.pfb></usr/share/texlive/texm
f-dist/fonts/type1/public/amsfonts/cm/cmmi10.pfb></usr/share/texlive/texmf-dist
/fonts/type1/public/amsfonts/cm/cmmi6.pfb></usr/share/texlive/texmf-dist/fonts/
type1/public/amsfonts/cm/cmmi7.pfb></usr/share/texlive/texmf-dist/fonts/type1/p
ublic/amsfonts/cm/cmmi8.pfb></usr/share/texlive/texmf-dist/fonts/type1/public/a
msfonts/cm/cmmi9.pfb></usr/share/texlive/texmf-dist/fonts/type1/public/amsfonts
/cm/cmr10.pfb></usr/share/texlive/texmf-dist/fonts/type1/public/amsfonts/cm/cmr
6.pfb></usr/share/texlive/texmf-dist/fonts/type1/public/amsfonts/cm/cmr7.pfb></
usr/share/texlive/texmf-dist/fonts/type1/public/amsfonts/cm/cmr8.pfb></usr/shar
e/texlive/texmf-dist/fonts/type1/public/amsfonts/cm/cmr9.pfb></usr/share/texliv
e/texmf-dist/fonts/type1/public/amsfonts/cm/cmsy10.pfb></usr/share/texlive/texm
f-dist/fonts/type1/public/amsfonts/cm/cmsy6.pfb></usr/share/texlive/texmf-dist/
fonts/type1/public/amsfonts/cm/cmsy7.pfb></usr/share/texlive/texmf-dist/fonts/t
ype1/public/amsfonts/cm/cmsy8.pfb></usr/share/texlive/texmf-dist/fonts/type1/pu
blic/amsfonts/cm/cmsy9.pfb><./t1-formata-bold.pfb><./t1-formata-condmedium.pfb>
<./t1-formata-italic.pfb><./t1-formata-medium.pfb><./t1-formata-mediumitalic.pf
b><./t1-formata-regular.pfb><./t1-giovannistd-bookitalic.pfb><./t1-times-bold.p
fb><./t1-times-italic.pfb><./t1-times.pfb></usr/share/texlive/texmf-dist/fonts/
type1/urw/courier/ucrb8a.pfb></usr/share/texlive/texmf-dist/fonts/type1/urw/cou
rier/ucrr8a.pfb>
Output written on crime_tr.pdf (11 pages, 3579389 bytes).
PDF statistics:
 422 PDF objects out of 1000 (max. 8388607)
 310 compressed objects within 4 object streams
 60 named destinations out of 1000 (max. 500000)
 265 words of extra memory for PDF output out of 10000 (max. 10000000)

